<?xml version="1.0" encoding="UTF-8"?>
<!-- Generated by org.testng.reporters.JUnitXMLReporter -->
<testsuite ignored="0" hostname="ROHITH-N" failures="0" tests="3" name="Default test" time="3.323" errors="0" timestamp="2023-08-24T11:39:31 IST">
  <testcase classname="com.simplilearn.APISportyshoes.SportShoesAPITest" name="getProducts" time="3.023"/>
  <testcase classname="com.simplilearn.APISportyshoes.SportShoesAPITest" name="getRegisteredUsers" time="0.075"/>
  <testcase classname="com.simplilearn.APISportyshoes.SportShoesAPITest" name="postRequest" time="0.138"/>
</testsuite> <!-- Default test -->
