<?xml version="1.0" encoding="UTF-8"?>
<testng-results ignored="0" total="3" passed="3" failed="0" skipped="0">
  <reporter-output>
  </reporter-output>
  <suite started-at="2023-08-24T11:39:27 IST" name="Default suite" finished-at="2023-08-24T11:39:31 IST" duration-ms="3323">
    <groups>
    </groups>
    <test started-at="2023-08-24T11:39:27 IST" name="Default test" finished-at="2023-08-24T11:39:31 IST" duration-ms="3323">
      <class name="com.simplilearn.APISportyshoes.SportShoesAPITest">
        <test-method signature="getProducts()[pri:0, instance:com.simplilearn.APISportyshoes.SportShoesAPITest@723ca036]" started-at="2023-08-24T11:39:27 IST" name="getProducts" finished-at="2023-08-24T11:39:31 IST" duration-ms="3023" status="PASS">
          <reporter-output>
          </reporter-output>
        </test-method> <!-- getProducts -->
        <test-method signature="getRegisteredUsers()[pri:1, instance:com.simplilearn.APISportyshoes.SportShoesAPITest@723ca036]" started-at="2023-08-24T11:39:31 IST" name="getRegisteredUsers" finished-at="2023-08-24T11:39:31 IST" duration-ms="75" status="PASS">
          <reporter-output>
          </reporter-output>
        </test-method> <!-- getRegisteredUsers -->
        <test-method signature="postRequest()[pri:2, instance:com.simplilearn.APISportyshoes.SportShoesAPITest@723ca036]" started-at="2023-08-24T11:39:31 IST" name="postRequest" finished-at="2023-08-24T11:39:31 IST" duration-ms="138" status="PASS">
          <reporter-output>
          </reporter-output>
        </test-method> <!-- postRequest -->
      </class> <!-- com.simplilearn.APISportyshoes.SportShoesAPITest -->
    </test> <!-- Default test -->
  </suite> <!-- Default suite -->
</testng-results>
