<?xml version="1.0" encoding="UTF-8"?>
<testng-results ignored="0" total="1" passed="1" failed="0" skipped="0">
  <reporter-output>
  </reporter-output>
  <suite started-at="2023-08-24T11:30:38 IST" name="Suite" finished-at="2023-08-24T11:30:53 IST" duration-ms="15038">
    <groups>
    </groups>
    <test started-at="2023-08-24T11:30:38 IST" name="Test" finished-at="2023-08-24T11:30:53 IST" duration-ms="15038">
      <class name="com.simplilearn.SportyShoes.LaunchTest">
        <test-method is-config="true" signature="launchApplication()[pri:0, instance:com.simplilearn.SportyShoes.LaunchTest@60641ec8]" started-at="2023-08-24T11:30:38 IST" name="launchApplication" finished-at="2023-08-24T11:30:48 IST" duration-ms="10183" status="PASS">
          <reporter-output>
          </reporter-output>
        </test-method> <!-- launchApplication -->
        <test-method signature="LaunchTest()[pri:0, instance:com.simplilearn.SportyShoes.LaunchTest@60641ec8]" started-at="2023-08-24T11:30:48 IST" name="LaunchTest" finished-at="2023-08-24T11:30:52 IST" duration-ms="4207" status="PASS">
          <reporter-output>
          </reporter-output>
        </test-method> <!-- LaunchTest -->
        <test-method is-config="true" signature="closeBrowser()[pri:0, instance:com.simplilearn.SportyShoes.LaunchTest@60641ec8]" started-at="2023-08-24T11:30:52 IST" name="closeBrowser" finished-at="2023-08-24T11:30:53 IST" duration-ms="422" status="PASS">
          <reporter-output>
          </reporter-output>
        </test-method> <!-- closeBrowser -->
      </class> <!-- com.simplilearn.SportyShoes.LaunchTest -->
    </test> <!-- Test -->
  </suite> <!-- Suite -->
</testng-results>
