<?xml version="1.0" encoding="UTF-8"?>
<testng-results ignored="0" total="1" passed="1" failed="0" skipped="0">
  <reporter-output>
  </reporter-output>
  <suite started-at="2023-07-31T15:36:38 IST" name="Default suite" finished-at="2023-07-31T15:38:18 IST" duration-ms="100305">
    <groups>
      <group name="cucumber">
        <method signature="AbstractTestNGCucumberTests.runScenario(io.cucumber.testng.PickleWrapper,io.cucumber.testng.FeatureWrapper)[pri:0, instance:in.amazon.teststeps.TestRunner@73eb439a]" name="runScenario" class="io.cucumber.testng.AbstractTestNGCucumberTests"/>
      </group> <!-- cucumber -->
    </groups>
    <test started-at="2023-07-31T15:36:38 IST" name="Default test" finished-at="2023-07-31T15:38:18 IST" duration-ms="100305">
      <class name="in.amazon.teststeps.TestRunner">
        <test-method is-config="true" signature="setUpClass(org.testng.ITestContext)[pri:0, instance:in.amazon.teststeps.TestRunner@73eb439a]" started-at="2023-07-31T15:36:38 IST" name="setUpClass" finished-at="2023-07-31T15:36:39 IST" duration-ms="1158" status="PASS">
          <params>
            <param index="0">
              <value>
                <![CDATA[org.testng.TestRunner@4409cae6]]>
              </value>
            </param>
          </params>
          <reporter-output>
          </reporter-output>
        </test-method> <!-- setUpClass -->
        <test-method signature="runScenario(io.cucumber.testng.PickleWrapper,io.cucumber.testng.FeatureWrapper)[pri:0, instance:in.amazon.teststeps.TestRunner@73eb439a]" started-at="2023-07-31T15:36:39 IST" name="runScenario" description="Runs Cucumber Scenarios" data-provider="scenarios" finished-at="2023-07-31T15:38:15 IST" duration-ms="95251" status="PASS">
          <params>
            <param index="0">
              <value>
                <![CDATA["A user must be able to purchase physics book on Amazon"]]>
              </value>
            </param>
            <param index="1">
              <value>
                <![CDATA["Optional[Buy Physics Book]"]]>
              </value>
            </param>
          </params>
          <reporter-output>
          </reporter-output>
        </test-method> <!-- runScenario -->
        <test-method is-config="true" signature="tearDownClass()[pri:0, instance:in.amazon.teststeps.TestRunner@73eb439a]" started-at="2023-07-31T15:38:15 IST" name="tearDownClass" finished-at="2023-07-31T15:38:18 IST" duration-ms="3799" status="PASS">
          <reporter-output>
          </reporter-output>
        </test-method> <!-- tearDownClass -->
      </class> <!-- in.amazon.teststeps.TestRunner -->
    </test> <!-- Default test -->
  </suite> <!-- Default suite -->
</testng-results>
