<?xml version="1.0" encoding="UTF-8"?>
<testng-results ignored="0" total="1" passed="1" failed="0" skipped="0">
  <reporter-output>
  </reporter-output>
  <suite started-at="2023-07-31T11:03:03 IST" name="Default suite" finished-at="2023-07-31T11:03:41 IST" duration-ms="38171">
    <groups>
    </groups>
    <test started-at="2023-07-31T11:03:03 IST" name="Default test" finished-at="2023-07-31T11:03:41 IST" duration-ms="38171">
      <class name="in.amazon.testscripts.AutoCompleteBoxTest">
        <test-method is-config="true" signature="launchApplication()[pri:0, instance:in.amazon.testscripts.AutoCompleteBoxTest@25ce9dc4]" started-at="2023-07-31T11:03:03 IST" name="launchApplication" finished-at="2023-07-31T11:03:26 IST" duration-ms="23132" status="PASS">
          <reporter-output>
          </reporter-output>
        </test-method> <!-- launchApplication -->
        <test-method signature="selectItem()[pri:0, instance:in.amazon.testscripts.AutoCompleteBoxTest@25ce9dc4]" started-at="2023-07-31T11:03:26 IST" name="selectItem" finished-at="2023-07-31T11:03:40 IST" duration-ms="13422" status="PASS">
          <reporter-output>
          </reporter-output>
        </test-method> <!-- selectItem -->
        <test-method is-config="true" signature="closeBrowser()[pri:0, instance:in.amazon.testscripts.AutoCompleteBoxTest@25ce9dc4]" started-at="2023-07-31T11:03:40 IST" name="closeBrowser" finished-at="2023-07-31T11:03:41 IST" duration-ms="1378" status="PASS">
          <reporter-output>
          </reporter-output>
        </test-method> <!-- closeBrowser -->
      </class> <!-- in.amazon.testscripts.AutoCompleteBoxTest -->
    </test> <!-- Default test -->
  </suite> <!-- Default suite -->
</testng-results>
