<?xml version="1.0" encoding="UTF-8"?>
<testng-results ignored="0" total="0" passed="0" failed="0" skipped="0">
  <reporter-output>
  </reporter-output>
  <suite started-at="2023-08-23T10:12:13 IST" name="Surefire suite" finished-at="2023-08-23T10:12:34 IST" duration-ms="20966">
    <groups>
    </groups>
    <test started-at="2023-08-23T10:12:13 IST" name="Surefire test" finished-at="2023-08-23T10:12:34 IST" duration-ms="20966">
      <class name="com.simplilearn.SportyShoes.MainTest">
        <test-method is-config="true" signature="launchApplication()[pri:0, instance:com.simplilearn.SportyShoes.MainTest@69fb6037]" started-at="2023-08-23T10:12:13 IST" name="launchApplication" finished-at="2023-08-23T10:12:34 IST" duration-ms="20879" status="PASS">
          <reporter-output>
          </reporter-output>
        </test-method> <!-- launchApplication -->
      </class> <!-- com.simplilearn.SportyShoes.MainTest -->
    </test> <!-- Surefire test -->
  </suite> <!-- Surefire suite -->
</testng-results>
