<?xml version="1.0" encoding="UTF-8"?>
<!-- Generated by org.testng.reporters.JUnitReportReporter -->
<testsuite hostname="ROHITH-N" failures="0" tests="2" name="utils.TestRunner" time="25.932" errors="1" timestamp="2023-07-27T11:26:02 IST" skipped="0">
  <testcase classname="utils.TestRunner" name="runScenario" time="0.263">
    <error message="Cannot invoke &quot;in.amazon.pages.LandingPage.clickMobiles()&quot; because &quot;in.amazon.teststeps.BuyMobilePhoneSteps.landingPage&quot; is null" type="java.lang.NullPointerException">
      <![CDATA[java.lang.NullPointerException: Cannot invoke "in.amazon.pages.LandingPage.clickMobiles()" because "in.amazon.teststeps.BuyMobilePhoneSteps.landingPage" is null
at in.amazon.teststeps.BuyMobilePhoneSteps.he_clicks_on_mobies_in_the_navigation_bar(BuyMobilePhoneSteps.java:21)
at ✽.he clicks on Mobies in the navigation bar(file:///F:/eclipse/AmazonCucumber/Features/buy_mobile_phone.feature:5)
]]>
    </error>
  </testcase> <!-- runScenario -->
  <system-out/>
  <testcase classname="utils.TestRunner" name="runScenario" time="25.669"/>
  <system-out/>
</testsuite> <!-- utils.TestRunner -->
