<?xml version="1.0" encoding="UTF-8"?>
<testng-results ignored="0" total="1" passed="1" failed="0" skipped="0">
  <reporter-output>
  </reporter-output>
  <suite started-at="2023-07-13T15:16:38 IST" name="Suite" finished-at="2023-07-13T15:17:36 IST" duration-ms="58004">
    <groups>
    </groups>
    <test started-at="2023-07-13T15:16:38 IST" name="Test" finished-at="2023-07-13T15:17:36 IST" duration-ms="58004">
      <class name="testngdemo.Amazon">
        <test-method is-config="true" signature="launchApplication()[pri:0, instance:testngdemo.Amazon@235ecd9f]" started-at="2023-07-13T15:16:38 IST" name="launchApplication" finished-at="2023-07-13T15:16:56 IST" duration-ms="17805" status="PASS">
          <reporter-output>
          </reporter-output>
        </test-method> <!-- launchApplication -->
        <test-method signature="SigninVerification()[pri:0, instance:testngdemo.Amazon@235ecd9f]" started-at="2023-07-13T15:16:56 IST" name="SigninVerification" finished-at="2023-07-13T15:17:36 IST" duration-ms="39261" status="PASS">
          <reporter-output>
          </reporter-output>
        </test-method> <!-- SigninVerification -->
        <test-method is-config="true" signature="closeBrowser()[pri:0, instance:testngdemo.Amazon@235ecd9f]" started-at="2023-07-13T15:17:36 IST" name="closeBrowser" finished-at="2023-07-13T15:17:36 IST" duration-ms="855" status="PASS">
          <reporter-output>
          </reporter-output>
        </test-method> <!-- closeBrowser -->
      </class> <!-- testngdemo.Amazon -->
    </test> <!-- Test -->
  </suite> <!-- Suite -->
</testng-results>
