<?xml version="1.0" encoding="UTF-8"?>
<testng-results ignored="0" total="1" passed="1" failed="0" skipped="0">
  <reporter-output>
  </reporter-output>
  <suite started-at="2023-08-01T12:36:15 IST" name="Default suite" finished-at="2023-08-01T12:36:52 IST" duration-ms="37599">
    <groups>
      <group name="cucumber">
        <method signature="AbstractTestNGCucumberTests.runScenario(io.cucumber.testng.PickleWrapper,io.cucumber.testng.FeatureWrapper)[pri:0, instance:swiggy_teststeps.TestRunner@78e4deb0]" name="runScenario" class="io.cucumber.testng.AbstractTestNGCucumberTests"/>
      </group> <!-- cucumber -->
    </groups>
    <test started-at="2023-08-01T12:36:15 IST" name="Default test" finished-at="2023-08-01T12:36:52 IST" duration-ms="37599">
      <class name="swiggy_teststeps.TestRunner">
        <test-method is-config="true" signature="setUpClass(org.testng.ITestContext)[pri:0, instance:swiggy_teststeps.TestRunner@78e4deb0]" started-at="2023-08-01T12:36:15 IST" name="setUpClass" finished-at="2023-08-01T12:36:15 IST" duration-ms="540" status="PASS">
          <params>
            <param index="0">
              <value>
                <![CDATA[org.testng.TestRunner@5438c17a]]>
              </value>
            </param>
          </params>
          <reporter-output>
          </reporter-output>
        </test-method> <!-- setUpClass -->
        <test-method signature="runScenario(io.cucumber.testng.PickleWrapper,io.cucumber.testng.FeatureWrapper)[pri:0, instance:swiggy_teststeps.TestRunner@78e4deb0]" started-at="2023-08-01T12:36:15 IST" name="runScenario" description="Runs Cucumber Scenarios" data-provider="scenarios" finished-at="2023-08-01T12:36:52 IST" duration-ms="36969" status="PASS">
          <params>
            <param index="0">
              <value>
                <![CDATA["A user must be able to order a food on Swiggy"]]>
              </value>
            </param>
            <param index="1">
              <value>
                <![CDATA["Optional[Order From Swiggy]"]]>
              </value>
            </param>
          </params>
          <reporter-output>
          </reporter-output>
        </test-method> <!-- runScenario -->
        <test-method is-config="true" signature="tearDownClass()[pri:0, instance:swiggy_teststeps.TestRunner@78e4deb0]" started-at="2023-08-01T12:36:52 IST" name="tearDownClass" finished-at="2023-08-01T12:36:52 IST" duration-ms="16" status="PASS">
          <reporter-output>
          </reporter-output>
        </test-method> <!-- tearDownClass -->
      </class> <!-- swiggy_teststeps.TestRunner -->
    </test> <!-- Default test -->
  </suite> <!-- Default suite -->
</testng-results>
